<?xml version="1.0" encoding="UTF-8"?>
<testsuite name="Cucumber" time="540.87" tests="13" skipped="0" failures="1" errors="0">
<testcase classname="User buys a product in demo store application" name="User buys a product" time="114.128">
<system-out><![CDATA[
Given user navigates to login page..........................................passed
When user login to the application with "johndrew@gmail.com" and "Password123".passed
And user was redirected back to home page...................................passed
When user search and find product "Selene Yoga Hoodie"......................passed
And user selects color and size.............................................passed
And user adds product to cart...............................................passed
Then user clicks checkout button............................................passed
And user verifies address and order details.................................passed
And user clicks place order button..........................................passed
Then user checks order receipt "Selene Yoga Hoodie".........................passed
And user signs out of the application.......................................passed
]]></system-out>
</testcase>
<testcase classname="User login to demo store application" name="User logins with valid credentials" time="33.65">
<system-out><![CDATA[
Given user navigates to login page..........................................passed
When user enters email "johnDrew@test.com"..................................passed
And user enters password "Password123"......................................passed
And user clicks login button................................................passed
Then user was navigated back to home page...................................passed
And user name is visible "John Drew"........................................passed
]]></system-out>
</testcase>
<testcase classname="User login to demo store application" name="User logins with invalid credentials - #1.1" time="23.342">
<system-out><![CDATA[
Given user navigates to login page..........................................passed
When user enters email "feary@waq.com"......................................passed
And user enters password "Password123"......................................passed
And user clicks login button................................................passed
Then user should get proper warning message.................................passed
]]></system-out>
</testcase>
<testcase classname="User login to demo store application" name="User logins with invalid credentials - #1.2" time="31.4">
<system-out><![CDATA[
Given user navigates to login page..........................................passed
When user enters email "johnDrew@test.com"..................................passed
And user enters password "wpasswed".........................................passed
And user clicks login button................................................passed
Then user should get proper warning message.................................passed
]]></system-out>
</testcase>
<testcase classname="User login to demo store application" name="User logins with invalid credentials - #1.3" time="29.801">
<system-out><![CDATA[
Given user navigates to login page..........................................passed
When user enters email "johndrewos@test.com"................................passed
And user enters password "wpasswed".........................................passed
And user clicks login button................................................passed
Then user should get proper warning message.................................passed
]]></system-out>
</testcase>
<testcase classname="User login to demo store application" name="User logins with invalid credentials - #1.4" time="29.728">
<system-out><![CDATA[
Given user navigates to login page..........................................passed
When user enters email "john_@@test.com"....................................passed
And user enters password "wpa@!swed"........................................passed
And user clicks login button................................................passed
Then user should get proper warning message.................................passed
]]></system-out>
</testcase>
<testcase classname="User login to demo store application" name="User logins with empty credentials" time="32.757">
<system-out><![CDATA[
Given user navigates to login page..........................................passed
When user doesnot enters credentials........................................passed
And user clicks login button................................................passed
Then user gets email warning message "This is a required field."............passed
And user gets password warning message "This is a required field."..........passed
]]></system-out>
</testcase>
<testcase classname="User checks his/her orders in demo store application" name="User checks orders in the store" time="55.982">
<system-out><![CDATA[
Given user navigates to login page..........................................passed
When user login to the application with "johndrew@gmail.com" and "Password123".passed
And user was redirected back to home page...................................passed
And user clicks on my account...............................................passed
And user clicks on my orders................................................passed
Then user checks his orders.................................................passed
And user logs out...........................................................passed
]]></system-out>
</testcase>
<testcase classname="User creates an account in demo store application" name="User registers with all fields" time="50.705">
<system-out><![CDATA[
Given user navigates to register page.......................................passed
When user enters firstname "John"...........................................passed
And user enters lastname "Drew".............................................passed
And user enters new random email............................................passed
And user enters new password "Password123"..................................passed
And user enters confirm password "Password123"..............................passed
And user clicks create account button.......................................passed
Then user was navigated back to customer page...............................passed
And user name in welcome message "John Drew"................................passed
]]></system-out>
</testcase>
<testcase classname="User creates an account in demo store application" name="User registers with invalid data - #1.1" time="34.912">
<system-out><![CDATA[
Given user navigates to register page.......................................passed
When user enters firstname "John12".........................................passed
And user enters lastname "Drew12"...........................................passed
And user enters new email "johndrew@gmail.com"..............................passed
And user enters new password "wqassword"....................................passed
And user enters confirm password "wqassword"................................passed
And user clicks create account button.......................................passed
Then user should get proper account warning message.........................passed
]]></system-out>
</testcase>
<testcase classname="User creates an account in demo store application" name="User registers with invalid data - #1.2" time="33.989">
<system-out><![CDATA[
Given user navigates to register page.......................................passed
When user enters firstname "45".............................................passed
And user enters lastname "12"...............................................passed
And user enters new email "johndrew@com"....................................passed
And user enters new password "wqa"..........................................passed
And user enters confirm password "wqa"......................................passed
And user clicks create account button.......................................passed
Then user should get proper account warning message.........................passed
]]></system-out>
</testcase>
<testcase classname="User creates an account in demo store application" name="User registers with empty credentials" time="33.578">
<system-out><![CDATA[
Given user navigates to register page.......................................passed
When user doesnot enters any details........................................passed
And user clicks create account button.......................................passed
Then user gets firstname warning message "This is a required field."........passed
And user gets lastname warning message "This is a required field."..........passed
And user gets email error message "This is a required field."...............passed
And user gets password and confirm password warning message "This is a required field.".passed
]]></system-out>
</testcase>
<testcase classname="User searches for a product in demo store application" name="User searches a product - #1.1" time="33.253">
<failure type="org.openqa.selenium.StaleElementReferenceException" message="stale element reference: stale element not found in the current frame
  (Session info: MicrosoftEdge=127.0.2651.86)
For documentation on this error, please visit: https://www.selenium.dev/documentation/webdriver/troubleshooting/errors#stale-element-reference-exception
Build info: version: '4.22.0', revision: 'c5f3146703*'
System info: os.name: 'Windows 11', os.arch: 'amd64', os.version: '10.0', java.version: '22.0.1'
Driver info: org.openqa.selenium.edge.EdgeDriver
Command: [38bed5cefbffdc0b1a364a5293b73a74, getElementText {id=f.65DBB2906B059C5C6A6B7CA5EC0DF365.d.4283C184EB96A31F99A61BA6E560E335.e.60}]
Capabilities {acceptInsecureCerts: false, browserName: MicrosoftEdge, browserVersion: 127.0.2651.86, fedcm:accounts: true, ms:edgeOptions: {debuggerAddress: localhost:51014}, msedge: {msedgedriverVersion: 127.0.2651.86 (ac31d8b82969..., userDataDir: C:\Users\admin\AppData\Loca...}, networkConnectionEnabled: false, pageLoadStrategy: normal, platformName: windows, proxy: Proxy(), se:cdp: ws://localhost:51014/devtoo..., se:cdpVersion: 127.0.2651.86, setWindowRect: true, strictFileInteractability: false, timeouts: {implicit: 0, pageLoad: 300000, script: 30000}, unhandledPromptBehavior: dismiss and notify, webauthn:extension:credBlob: true, webauthn:extension:largeBlob: true, webauthn:extension:minPinLength: true, webauthn:extension:prf: true, webauthn:virtualAuthenticators: true}
Element: [[EdgeDriver: MicrosoftEdge on windows (38bed5cefbffdc0b1a364a5293b73a74)] -&gt; xpath: //span[contains(@class,'logged-in')]]
Session ID: 38bed5cefbffdc0b1a364a5293b73a74">
<![CDATA[org.openqa.selenium.StaleElementReferenceException: stale element reference: stale element not found in the current frame
  (Session info: MicrosoftEdge=127.0.2651.86)
For documentation on this error, please visit: https://www.selenium.dev/documentation/webdriver/troubleshooting/errors#stale-element-reference-exception
Build info: version: '4.22.0', revision: 'c5f3146703*'
System info: os.name: 'Windows 11', os.arch: 'amd64', os.version: '10.0', java.version: '22.0.1'
Driver info: org.openqa.selenium.edge.EdgeDriver
Command: [38bed5cefbffdc0b1a364a5293b73a74, getElementText {id=f.65DBB2906B059C5C6A6B7CA5EC0DF365.d.4283C184EB96A31F99A61BA6E560E335.e.60}]
Capabilities {acceptInsecureCerts: false, browserName: MicrosoftEdge, browserVersion: 127.0.2651.86, fedcm:accounts: true, ms:edgeOptions: {debuggerAddress: localhost:51014}, msedge: {msedgedriverVersion: 127.0.2651.86 (ac31d8b82969..., userDataDir: C:\Users\admin\AppData\Loca...}, networkConnectionEnabled: false, pageLoadStrategy: normal, platformName: windows, proxy: Proxy(), se:cdp: ws://localhost:51014/devtoo..., se:cdpVersion: 127.0.2651.86, setWindowRect: true, strictFileInteractability: false, timeouts: {implicit: 0, pageLoad: 300000, script: 30000}, unhandledPromptBehavior: dismiss and notify, webauthn:extension:credBlob: true, webauthn:extension:largeBlob: true, webauthn:extension:minPinLength: true, webauthn:extension:prf: true, webauthn:virtualAuthenticators: true}
Element: [[EdgeDriver: MicrosoftEdge on windows (38bed5cefbffdc0b1a364a5293b73a74)] -> xpath: //span[contains(@class,'logged-in')]]
Session ID: 38bed5cefbffdc0b1a364a5293b73a74
	at java.base/jdk.internal.reflect.DirectConstructorHandleAccessor.newInstance(DirectConstructorHandleAccessor.java:62)
	at java.base/java.lang.reflect.Constructor.newInstanceWithCaller(Constructor.java:502)
	at java.base/java.lang.reflect.Constructor.newInstance(Constructor.java:486)
	at org.openqa.selenium.remote.ErrorCodec.decode(ErrorCodec.java:167)
	at org.openqa.selenium.remote.codec.w3c.W3CHttpResponseCodec.decode(W3CHttpResponseCodec.java:138)
	at org.openqa.selenium.remote.codec.w3c.W3CHttpResponseCodec.decode(W3CHttpResponseCodec.java:50)
	at org.openqa.selenium.remote.HttpCommandExecutor.execute(HttpCommandExecutor.java:190)
	at org.openqa.selenium.remote.service.DriverCommandExecutor.invokeExecute(DriverCommandExecutor.java:216)
	at org.openqa.selenium.remote.service.DriverCommandExecutor.execute(DriverCommandExecutor.java:174)
	at org.openqa.selenium.remote.RemoteWebDriver.execute(RemoteWebDriver.java:518)
	at org.openqa.selenium.remote.RemoteWebElement.execute(RemoteWebElement.java:223)
	at org.openqa.selenium.remote.RemoteWebElement.getText(RemoteWebElement.java:191)
	at java.base/jdk.internal.reflect.DirectMethodHandleAccessor.invoke(DirectMethodHandleAccessor.java:103)
	at java.base/java.lang.reflect.Method.invoke(Method.java:580)
	at org.openqa.selenium.support.pagefactory.internal.LocatingElementHandler.invoke(LocatingElementHandler.java:51)
	at jdk.proxy2/jdk.proxy2.$Proxy41.getText(Unknown Source)
	at org.demoStore.pages.HomePage.getWelcomeMessage(HomePage.java:70)
	at org.demoStore.stepDefinitions.SearchProductStepDef.user_was_redirected_back_to_home_page(SearchProductStepDef.java:46)
	at âœ½.user was redirected back to home page(file:///D:/d/eclipse-workspace/DemoStoreTestng/src/test/resources/features/searchProduct.feature:10)
]]>
</failure>
<system-out><![CDATA[
Given user navigates to login page..........................................passed
When user login to the application with "johndrew@gmail.com" and "Password123".passed
And user was redirected back to home page...................................failed
When user enters product name "duffle bag"..................................skipped
And user finds searched product "duffle bag"................................skipped
And user clicks product name link...........................................skipped
Then user checks product details............................................skipped
And user logs out of the application........................................skipped
]]></system-out>
</testcase>
</testsuite>
