<?xml version="1.0" encoding="UTF-8"?>
<testng-results ignored="0" total="13" passed="12" failed="1" skipped="0">
  <reporter-output>
  </reporter-output>
  <suite started-at="2024-08-05T19:59:02 IST" name="Suite" finished-at="2024-08-05T20:08:08 IST" duration-ms="546220">
    <groups>
      <group name="cucumber">
        <method signature="AbstractTestNGCucumberTests.runScenario(io.cucumber.testng.PickleWrapper,io.cucumber.testng.FeatureWrapper)[pri:0, instance:org.demoStore.runner.Runner@5efa40fe]" name="runScenario" class="io.cucumber.testng.AbstractTestNGCucumberTests"/>
      </group> <!-- cucumber -->
    </groups>
    <test started-at="2024-08-05T19:59:02 IST" name="DemoStoreApp" finished-at="2024-08-05T20:08:08 IST" duration-ms="546220">
      <class name="org.demoStore.runner.Runner">
        <test-method is-config="true" signature="setUpClass(org.testng.ITestContext)[pri:0, instance:org.demoStore.runner.Runner@5efa40fe]" started-at="2024-08-05T19:59:02 IST" name="setUpClass" finished-at="2024-08-05T19:59:04 IST" duration-ms="2318" status="PASS">
          <params>
            <param index="0">
              <value>
                <![CDATA[org.testng.TestRunner@7ef27d7f]]>
              </value>
            </param>
          </params>
          <reporter-output>
          </reporter-output>
        </test-method> <!-- setUpClass -->
        <test-method signature="runScenario(io.cucumber.testng.PickleWrapper,io.cucumber.testng.FeatureWrapper)[pri:0, instance:org.demoStore.runner.Runner@5efa40fe]" started-at="2024-08-05T19:59:04 IST" name="runScenario" description="Runs Cucumber Scenarios" data-provider="scenarios" finished-at="2024-08-05T20:00:59 IST" duration-ms="115005" status="PASS">
          <params>
            <param index="0">
              <value>
                <![CDATA["User buys a product"]]>
              </value>
            </param>
            <param index="1">
              <value>
                <![CDATA["User buys a product in demo store application"]]>
              </value>
            </param>
          </params>
          <reporter-output>
          </reporter-output>
        </test-method> <!-- runScenario -->
        <test-method signature="runScenario(io.cucumber.testng.PickleWrapper,io.cucumber.testng.FeatureWrapper)[pri:0, instance:org.demoStore.runner.Runner@5efa40fe]" started-at="2024-08-05T20:01:00 IST" name="runScenario" description="Runs Cucumber Scenarios" data-provider="scenarios" finished-at="2024-08-05T20:01:34 IST" duration-ms="33702" status="PASS">
          <params>
            <param index="0">
              <value>
                <![CDATA["User logins with valid credentials"]]>
              </value>
            </param>
            <param index="1">
              <value>
                <![CDATA["User login to demo store application"]]>
              </value>
            </param>
          </params>
          <reporter-output>
          </reporter-output>
        </test-method> <!-- runScenario -->
        <test-method signature="runScenario(io.cucumber.testng.PickleWrapper,io.cucumber.testng.FeatureWrapper)[pri:0, instance:org.demoStore.runner.Runner@5efa40fe]" started-at="2024-08-05T20:01:34 IST" name="runScenario" description="Runs Cucumber Scenarios" data-provider="scenarios" finished-at="2024-08-05T20:01:57 IST" duration-ms="23384" status="PASS">
          <params>
            <param index="0">
              <value>
                <![CDATA["User logins with invalid credentials"]]>
              </value>
            </param>
            <param index="1">
              <value>
                <![CDATA["User login to demo store application"]]>
              </value>
            </param>
          </params>
          <reporter-output>
          </reporter-output>
        </test-method> <!-- runScenario -->
        <test-method signature="runScenario(io.cucumber.testng.PickleWrapper,io.cucumber.testng.FeatureWrapper)[pri:0, instance:org.demoStore.runner.Runner@5efa40fe]" started-at="2024-08-05T20:01:57 IST" name="runScenario" description="Runs Cucumber Scenarios" data-provider="scenarios" finished-at="2024-08-05T20:02:28 IST" duration-ms="31442" status="PASS">
          <params>
            <param index="0">
              <value>
                <![CDATA["User logins with invalid credentials"]]>
              </value>
            </param>
            <param index="1">
              <value>
                <![CDATA["User login to demo store application"]]>
              </value>
            </param>
          </params>
          <reporter-output>
          </reporter-output>
        </test-method> <!-- runScenario -->
        <test-method signature="runScenario(io.cucumber.testng.PickleWrapper,io.cucumber.testng.FeatureWrapper)[pri:0, instance:org.demoStore.runner.Runner@5efa40fe]" started-at="2024-08-05T20:02:28 IST" name="runScenario" description="Runs Cucumber Scenarios" data-provider="scenarios" finished-at="2024-08-05T20:02:58 IST" duration-ms="29845" status="PASS">
          <params>
            <param index="0">
              <value>
                <![CDATA["User logins with invalid credentials"]]>
              </value>
            </param>
            <param index="1">
              <value>
                <![CDATA["User login to demo store application"]]>
              </value>
            </param>
          </params>
          <reporter-output>
          </reporter-output>
        </test-method> <!-- runScenario -->
        <test-method signature="runScenario(io.cucumber.testng.PickleWrapper,io.cucumber.testng.FeatureWrapper)[pri:0, instance:org.demoStore.runner.Runner@5efa40fe]" started-at="2024-08-05T20:02:58 IST" name="runScenario" description="Runs Cucumber Scenarios" data-provider="scenarios" finished-at="2024-08-05T20:03:28 IST" duration-ms="29765" status="PASS">
          <params>
            <param index="0">
              <value>
                <![CDATA["User logins with invalid credentials"]]>
              </value>
            </param>
            <param index="1">
              <value>
                <![CDATA["User login to demo store application"]]>
              </value>
            </param>
          </params>
          <reporter-output>
          </reporter-output>
        </test-method> <!-- runScenario -->
        <test-method signature="runScenario(io.cucumber.testng.PickleWrapper,io.cucumber.testng.FeatureWrapper)[pri:0, instance:org.demoStore.runner.Runner@5efa40fe]" started-at="2024-08-05T20:03:28 IST" name="runScenario" description="Runs Cucumber Scenarios" data-provider="scenarios" finished-at="2024-08-05T20:04:01 IST" duration-ms="32787" status="PASS">
          <params>
            <param index="0">
              <value>
                <![CDATA["User logins with empty credentials"]]>
              </value>
            </param>
            <param index="1">
              <value>
                <![CDATA["User login to demo store application"]]>
              </value>
            </param>
          </params>
          <reporter-output>
          </reporter-output>
        </test-method> <!-- runScenario -->
        <test-method signature="runScenario(io.cucumber.testng.PickleWrapper,io.cucumber.testng.FeatureWrapper)[pri:0, instance:org.demoStore.runner.Runner@5efa40fe]" started-at="2024-08-05T20:04:01 IST" name="runScenario" description="Runs Cucumber Scenarios" data-provider="scenarios" finished-at="2024-08-05T20:04:57 IST" duration-ms="56011" status="PASS">
          <params>
            <param index="0">
              <value>
                <![CDATA["User checks orders in the store"]]>
              </value>
            </param>
            <param index="1">
              <value>
                <![CDATA["User checks his/her orders in demo store application"]]>
              </value>
            </param>
          </params>
          <reporter-output>
          </reporter-output>
        </test-method> <!-- runScenario -->
        <test-method signature="runScenario(io.cucumber.testng.PickleWrapper,io.cucumber.testng.FeatureWrapper)[pri:0, instance:org.demoStore.runner.Runner@5efa40fe]" started-at="2024-08-05T20:04:57 IST" name="runScenario" description="Runs Cucumber Scenarios" data-provider="scenarios" finished-at="2024-08-05T20:05:48 IST" duration-ms="50742" status="PASS">
          <params>
            <param index="0">
              <value>
                <![CDATA["User registers with all fields"]]>
              </value>
            </param>
            <param index="1">
              <value>
                <![CDATA["User creates an account in demo store application"]]>
              </value>
            </param>
          </params>
          <reporter-output>
          </reporter-output>
        </test-method> <!-- runScenario -->
        <test-method signature="runScenario(io.cucumber.testng.PickleWrapper,io.cucumber.testng.FeatureWrapper)[pri:0, instance:org.demoStore.runner.Runner@5efa40fe]" started-at="2024-08-05T20:05:48 IST" name="runScenario" description="Runs Cucumber Scenarios" data-provider="scenarios" finished-at="2024-08-05T20:06:23 IST" duration-ms="34933" status="PASS">
          <params>
            <param index="0">
              <value>
                <![CDATA["User registers with invalid data"]]>
              </value>
            </param>
            <param index="1">
              <value>
                <![CDATA["User creates an account in demo store application"]]>
              </value>
            </param>
          </params>
          <reporter-output>
          </reporter-output>
        </test-method> <!-- runScenario -->
        <test-method signature="runScenario(io.cucumber.testng.PickleWrapper,io.cucumber.testng.FeatureWrapper)[pri:0, instance:org.demoStore.runner.Runner@5efa40fe]" started-at="2024-08-05T20:06:23 IST" name="runScenario" description="Runs Cucumber Scenarios" data-provider="scenarios" finished-at="2024-08-05T20:06:57 IST" duration-ms="34019" status="PASS">
          <params>
            <param index="0">
              <value>
                <![CDATA["User registers with invalid data"]]>
              </value>
            </param>
            <param index="1">
              <value>
                <![CDATA["User creates an account in demo store application"]]>
              </value>
            </param>
          </params>
          <reporter-output>
          </reporter-output>
        </test-method> <!-- runScenario -->
        <test-method signature="runScenario(io.cucumber.testng.PickleWrapper,io.cucumber.testng.FeatureWrapper)[pri:0, instance:org.demoStore.runner.Runner@5efa40fe]" started-at="2024-08-05T20:06:57 IST" name="runScenario" description="Runs Cucumber Scenarios" data-provider="scenarios" finished-at="2024-08-05T20:07:31 IST" duration-ms="33589" status="PASS">
          <params>
            <param index="0">
              <value>
                <![CDATA["User registers with empty credentials"]]>
              </value>
            </param>
            <param index="1">
              <value>
                <![CDATA["User creates an account in demo store application"]]>
              </value>
            </param>
          </params>
          <reporter-output>
          </reporter-output>
        </test-method> <!-- runScenario -->
        <test-method signature="runScenario(io.cucumber.testng.PickleWrapper,io.cucumber.testng.FeatureWrapper)[pri:0, instance:org.demoStore.runner.Runner@5efa40fe]" started-at="2024-08-05T20:07:31 IST" name="runScenario" description="Runs Cucumber Scenarios" data-provider="scenarios" finished-at="2024-08-05T20:08:04 IST" duration-ms="33277" status="FAIL">
          <params>
            <param index="0">
              <value>
                <![CDATA["User searches a product"]]>
              </value>
            </param>
            <param index="1">
              <value>
                <![CDATA["User searches for a product in demo store application"]]>
              </value>
            </param>
          </params>
          <exception class="org.openqa.selenium.StaleElementReferenceException">
            <message>
              <![CDATA[stale element reference: stale element not found in the current frame
  (Session info: MicrosoftEdge=127.0.2651.86)
For documentation on this error, please visit: https://www.selenium.dev/documentation/webdriver/troubleshooting/errors#stale-element-reference-exception
Build info: version: '4.22.0', revision: 'c5f3146703*'
System info: os.name: 'Windows 11', os.arch: 'amd64', os.version: '10.0', java.version: '22.0.1'
Driver info: org.openqa.selenium.edge.EdgeDriver
Command: [38bed5cefbffdc0b1a364a5293b73a74, getElementText {id=f.65DBB2906B059C5C6A6B7CA5EC0DF365.d.4283C184EB96A31F99A61BA6E560E335.e.60}]
Capabilities {acceptInsecureCerts: false, browserName: MicrosoftEdge, browserVersion: 127.0.2651.86, fedcm:accounts: true, ms:edgeOptions: {debuggerAddress: localhost:51014}, msedge: {msedgedriverVersion: 127.0.2651.86 (ac31d8b82969..., userDataDir: C:\Users\admin\AppData\Loca...}, networkConnectionEnabled: false, pageLoadStrategy: normal, platformName: windows, proxy: Proxy(), se:cdp: ws://localhost:51014/devtoo..., se:cdpVersion: 127.0.2651.86, setWindowRect: true, strictFileInteractability: false, timeouts: {implicit: 0, pageLoad: 300000, script: 30000}, unhandledPromptBehavior: dismiss and notify, webauthn:extension:credBlob: true, webauthn:extension:largeBlob: true, webauthn:extension:minPinLength: true, webauthn:extension:prf: true, webauthn:virtualAuthenticators: true}
Element: [[EdgeDriver: MicrosoftEdge on windows (38bed5cefbffdc0b1a364a5293b73a74)] -> xpath: //span[contains(@class,'logged-in')]]
Session ID: 38bed5cefbffdc0b1a364a5293b73a74]]>
            </message>
            <full-stacktrace>
              <![CDATA[org.openqa.selenium.StaleElementReferenceException: stale element reference: stale element not found in the current frame
  (Session info: MicrosoftEdge=127.0.2651.86)
For documentation on this error, please visit: https://www.selenium.dev/documentation/webdriver/troubleshooting/errors#stale-element-reference-exception
Build info: version: '4.22.0', revision: 'c5f3146703*'
System info: os.name: 'Windows 11', os.arch: 'amd64', os.version: '10.0', java.version: '22.0.1'
Driver info: org.openqa.selenium.edge.EdgeDriver
Command: [38bed5cefbffdc0b1a364a5293b73a74, getElementText {id=f.65DBB2906B059C5C6A6B7CA5EC0DF365.d.4283C184EB96A31F99A61BA6E560E335.e.60}]
Capabilities {acceptInsecureCerts: false, browserName: MicrosoftEdge, browserVersion: 127.0.2651.86, fedcm:accounts: true, ms:edgeOptions: {debuggerAddress: localhost:51014}, msedge: {msedgedriverVersion: 127.0.2651.86 (ac31d8b82969..., userDataDir: C:\Users\admin\AppData\Loca...}, networkConnectionEnabled: false, pageLoadStrategy: normal, platformName: windows, proxy: Proxy(), se:cdp: ws://localhost:51014/devtoo..., se:cdpVersion: 127.0.2651.86, setWindowRect: true, strictFileInteractability: false, timeouts: {implicit: 0, pageLoad: 300000, script: 30000}, unhandledPromptBehavior: dismiss and notify, webauthn:extension:credBlob: true, webauthn:extension:largeBlob: true, webauthn:extension:minPinLength: true, webauthn:extension:prf: true, webauthn:virtualAuthenticators: true}
Element: [[EdgeDriver: MicrosoftEdge on windows (38bed5cefbffdc0b1a364a5293b73a74)] -> xpath: //span[contains(@class,'logged-in')]]
Session ID: 38bed5cefbffdc0b1a364a5293b73a74
at java.base/jdk.internal.reflect.DirectConstructorHandleAccessor.newInstance(DirectConstructorHandleAccessor.java:62)
at java.base/java.lang.reflect.Constructor.newInstanceWithCaller(Constructor.java:502)
at java.base/java.lang.reflect.Constructor.newInstance(Constructor.java:486)
at org.openqa.selenium.remote.ErrorCodec.decode(ErrorCodec.java:167)
at org.openqa.selenium.remote.codec.w3c.W3CHttpResponseCodec.decode(W3CHttpResponseCodec.java:138)
at org.openqa.selenium.remote.codec.w3c.W3CHttpResponseCodec.decode(W3CHttpResponseCodec.java:50)
at org.openqa.selenium.remote.HttpCommandExecutor.execute(HttpCommandExecutor.java:190)
at org.openqa.selenium.remote.service.DriverCommandExecutor.invokeExecute(DriverCommandExecutor.java:216)
at org.openqa.selenium.remote.service.DriverCommandExecutor.execute(DriverCommandExecutor.java:174)
at org.openqa.selenium.remote.RemoteWebDriver.execute(RemoteWebDriver.java:518)
at org.openqa.selenium.remote.RemoteWebElement.execute(RemoteWebElement.java:223)
at org.openqa.selenium.remote.RemoteWebElement.getText(RemoteWebElement.java:191)
at java.base/jdk.internal.reflect.DirectMethodHandleAccessor.invoke(DirectMethodHandleAccessor.java:103)
at java.base/java.lang.reflect.Method.invoke(Method.java:580)
at org.openqa.selenium.support.pagefactory.internal.LocatingElementHandler.invoke(LocatingElementHandler.java:51)
at jdk.proxy2/jdk.proxy2.$Proxy41.getText(Unknown Source)
at org.demoStore.pages.HomePage.getWelcomeMessage(HomePage.java:70)
at org.demoStore.stepDefinitions.SearchProductStepDef.user_was_redirected_back_to_home_page(SearchProductStepDef.java:46)
at ✽.user was redirected back to home page(file:///D:/d/eclipse-workspace/DemoStoreTestng/src/test/resources/features/searchProduct.feature:10)
]]>
            </full-stacktrace>
          </exception> <!-- org.openqa.selenium.StaleElementReferenceException -->
          <reporter-output>
          </reporter-output>
        </test-method> <!-- runScenario -->
        <test-method is-config="true" signature="tearDownClass()[pri:0, instance:org.demoStore.runner.Runner@5efa40fe]" started-at="2024-08-05T20:08:05 IST" name="tearDownClass" finished-at="2024-08-05T20:08:08 IST" duration-ms="3230" status="PASS">
          <reporter-output>
          </reporter-output>
        </test-method> <!-- tearDownClass -->
      </class> <!-- org.demoStore.runner.Runner -->
    </test> <!-- DemoStoreApp -->
  </suite> <!-- Suite -->
</testng-results>
