<?xml version="1.0" encoding="UTF-8"?>
<testng-results ignored="0" total="1" passed="1" failed="0" skipped="0">
  <reporter-output>
  </reporter-output>
  <suite started-at="2024-08-07T19:23:46 IST" name="Default suite" finished-at="2024-08-07T19:26:00 IST" duration-ms="133932">
    <groups>
      <group name="cucumber">
        <method signature="AbstractTestNGCucumberTests.runScenario(io.cucumber.testng.PickleWrapper,io.cucumber.testng.FeatureWrapper)[pri:0, instance:org.demoStore.runner.Runner@295cf707]" name="runScenario" class="io.cucumber.testng.AbstractTestNGCucumberTests"/>
      </group> <!-- cucumber -->
    </groups>
    <test started-at="2024-08-07T19:23:46 IST" name="Default test" finished-at="2024-08-07T19:26:00 IST" duration-ms="133932">
      <class name="org.demoStore.runner.Runner">
        <test-method is-config="true" signature="setUpClass(org.testng.ITestContext)[pri:0, instance:org.demoStore.runner.Runner@295cf707]" started-at="2024-08-07T19:23:46 IST" name="setUpClass" finished-at="2024-08-07T19:23:47 IST" duration-ms="985" status="PASS">
          <params>
            <param index="0">
              <value>
                <![CDATA[org.testng.TestRunner@7d7b4e04]]>
              </value>
            </param>
          </params>
          <reporter-output>
          </reporter-output>
        </test-method> <!-- setUpClass -->
        <test-method signature="runScenario(io.cucumber.testng.PickleWrapper,io.cucumber.testng.FeatureWrapper)[pri:0, instance:org.demoStore.runner.Runner@295cf707]" started-at="2024-08-07T19:23:47 IST" name="runScenario" description="Runs Cucumber Scenarios" data-provider="scenarios" finished-at="2024-08-07T19:25:59 IST" duration-ms="132334" status="PASS">
          <params>
            <param index="0">
              <value>
                <![CDATA["User buys a product"]]>
              </value>
            </param>
            <param index="1">
              <value>
                <![CDATA["User buys a product in demo store application"]]>
              </value>
            </param>
          </params>
          <reporter-output>
          </reporter-output>
        </test-method> <!-- runScenario -->
        <test-method is-config="true" signature="tearDownClass()[pri:0, instance:org.demoStore.runner.Runner@295cf707]" started-at="2024-08-07T19:25:59 IST" name="tearDownClass" finished-at="2024-08-07T19:26:00 IST" duration-ms="453" status="PASS">
          <reporter-output>
          </reporter-output>
        </test-method> <!-- tearDownClass -->
      </class> <!-- org.demoStore.runner.Runner -->
    </test> <!-- Default test -->
  </suite> <!-- Default suite -->
</testng-results>
